0 info it worked if it ends with ok
1 verbose cli [ '/usr/bin/nodejs', '/usr/bin/npm', 'install', 'node' ]
2 info using npm@1.4.21
3 info using node@v4.8.2
4 verbose readDependencies using package.json deps
5 verbose cache add [ 'node', null ]
6 verbose cache add name=undefined spec="node" args=["node",null]
7 verbose parsed url Url {
7 verbose parsed url   protocol: null,
7 verbose parsed url   slashes: null,
7 verbose parsed url   auth: null,
7 verbose parsed url   host: null,
7 verbose parsed url   port: null,
7 verbose parsed url   hostname: null,
7 verbose parsed url   hash: null,
7 verbose parsed url   search: null,
7 verbose parsed url   query: null,
7 verbose parsed url   pathname: 'node',
7 verbose parsed url   path: 'node',
7 verbose parsed url   href: 'node' }
8 silly lockFile f8e966d1-node node
9 verbose lock node /root/.npm/f8e966d1-node.lock
10 silly lockFile f8e966d1-node node
11 silly lockFile f8e966d1-node node
12 verbose addNamed [ 'node', '' ]
13 verbose addNamed [ null, '*' ]
14 silly lockFile bccd7aa1-node node@
15 verbose lock node@ /root/.npm/bccd7aa1-node.lock
16 silly addNameRange { name: 'node', range: '*', hasData: false }
17 verbose request where is /node
18 verbose request registry https://registry.npmjs.org/
19 verbose request id aa7713d5c8bb7c27
20 verbose url raw /node
21 verbose url resolving [ 'https://registry.npmjs.org/', './node' ]
22 verbose url resolved https://registry.npmjs.org/node
23 verbose request where is https://registry.npmjs.org/node
24 info trying registry request attempt 1 at 20:25:18
25 http GET https://registry.npmjs.org/node
26 http 200 https://registry.npmjs.org/node
27 silly registry.get cb [ 200,
27 silly registry.get   { 'content-type': 'application/json; charset=UTF-8',
27 silly registry.get     server: 'UploadServer',
27 silly registry.get     'cache-control': 'max-age=300',
27 silly registry.get     'last-modified': 'Thu, 5 Apr 2018 3:52:35 GMT',
27 silly registry.get     etag: '"5ac59d83-5b320"',
27 silly registry.get     'x-npm-region': 'US-East',
27 silly registry.get     'content-encoding': 'gzip',
27 silly registry.get     'content-length': '58789',
27 silly registry.get     'accept-ranges': 'bytes',
27 silly registry.get     date: 'Thu, 12 Apr 2018 20:25:18 GMT',
27 silly registry.get     via: '1.1 varnish',
27 silly registry.get     age: '11229',
27 silly registry.get     connection: 'close',
27 silly registry.get     'x-served-by': 'cache-jfk8138-JFK',
27 silly registry.get     'x-cache': 'HIT',
27 silly registry.get     'x-cache-hits': '1',
27 silly registry.get     'x-timer': 'S1523564719.588674,VS0,VE1',
27 silly registry.get     vary: 'Accept-Encoding, Accept' } ]
28 silly addNameRange number 2 { name: 'node', range: '*', hasData: true }
29 silly addNameRange versions [ 'node',
29 silly addNameRange   [ '0.0.0',
29 silly addNameRange     '0.1.14',
29 silly addNameRange     '0.1.15',
29 silly addNameRange     '0.1.16',
29 silly addNameRange     '0.1.17',
29 silly addNameRange     '0.1.18',
29 silly addNameRange     '0.1.19',
29 silly addNameRange     '0.1.20',
29 silly addNameRange     '0.1.21',
29 silly addNameRange     '0.1.22',
29 silly addNameRange     '0.1.23',
29 silly addNameRange     '0.1.24',
29 silly addNameRange     '0.1.25',
29 silly addNameRange     '0.1.26',
29 silly addNameRange     '0.1.27',
29 silly addNameRange     '0.1.28',
29 silly addNameRange     '0.1.29',
29 silly addNameRange     '0.1.30',
29 silly addNameRange     '0.1.31',
29 silly addNameRange     '0.1.32',
29 silly addNameRange     '0.1.33',
29 silly addNameRange     '0.1.90',
29 silly addNameRange     '0.1.91',
29 silly addNameRange     '0.1.92',
29 silly addNameRange     '0.1.93',
29 silly addNameRange     '0.1.94',
29 silly addNameRange     '0.1.95',
29 silly addNameRange     '0.1.96',
29 silly addNameRange     '0.1.97',
29 silly addNameRange     '0.1.98',
29 silly addNameRange     '0.1.99',
29 silly addNameRange     '0.1.100',
29 silly addNameRange     '0.1.101',
29 silly addNameRange     '0.1.102',
29 silly addNameRange     '0.1.103',
29 silly addNameRange     '0.1.104',
29 silly addNameRange     '0.2.0',
29 silly addNameRange     '0.2.1',
29 silly addNameRange     '0.2.2',
29 silly addNameRange     '0.2.3',
29 silly addNameRange     '0.2.4',
29 silly addNameRange     '0.2.5',
29 silly addNameRange     '0.2.6',
29 silly addNameRange     '0.3.0',
29 silly addNameRange     '0.3.1',
29 silly addNameRange     '0.3.2',
29 silly addNameRange     '0.3.3',
29 silly addNameRange     '0.3.4',
29 silly addNameRange     '0.3.5',
29 silly addNameRange     '0.3.6',
29 silly addNameRange     '0.3.7',
29 silly addNameRange     '0.3.8',
29 silly addNameRange     '0.4.0',
29 silly addNameRange     '0.4.1',
29 silly addNameRange     '0.4.2',
29 silly addNameRange     '0.4.3',
29 silly addNameRange     '0.4.4',
29 silly addNameRange     '0.4.5',
29 silly addNameRange     '0.4.6',
29 silly addNameRange     '0.4.7',
29 silly addNameRange     '0.4.8',
29 silly addNameRange     '0.4.9',
29 silly addNameRange     '0.4.10',
29 silly addNameRange     '0.4.11',
29 silly addNameRange     '0.4.12',
29 silly addNameRange     '0.5.0',
29 silly addNameRange     '0.5.1',
29 silly addNameRange     '0.5.2',
29 silly addNameRange     '0.5.3',
29 silly addNameRange     '0.5.4',
29 silly addNameRange     '0.5.5',
29 silly addNameRange     '0.5.6',
29 silly addNameRange     '0.5.7',
29 silly addNameRange     '0.5.8',
29 silly addNameRange     '0.5.9',
29 silly addNameRange     '0.5.10',
29 silly addNameRange     '0.6.0',
29 silly addNameRange     '0.6.1',
29 silly addNameRange     '0.6.2',
29 silly addNameRange     '0.6.3',
29 silly addNameRange     '0.6.4',
29 silly addNameRange     '0.6.5',
29 silly addNameRange     '0.6.6',
29 silly addNameRange     '0.6.7',
29 silly addNameRange     '0.6.8',
29 silly addNameRange     '0.6.9',
29 silly addNameRange     '0.6.10',
29 silly addNameRange     '0.6.11',
29 silly addNameRange     '0.6.12',
29 silly addNameRange     '0.6.13',
29 silly addNameRange     '0.6.14',
29 silly addNameRange     '0.6.15',
29 silly addNameRange     '0.6.16',
29 silly addNameRange     '0.6.17',
29 silly addNameRange     '0.6.18',
29 silly addNameRange     '0.6.19',
29 silly addNameRange     '0.6.20',
29 silly addNameRange     '0.6.21',
29 silly addNameRange     '0.7.0',
29 silly addNameRange     '0.7.1',
29 silly addNameRange     '0.7.2',
29 silly addNameRange     '0.7.3',
29 silly addNameRange     '0.7.4',
29 silly addNameRange     '0.7.5',
29 silly addNameRange     '0.7.6',
29 silly addNameRange     '0.7.7',
29 silly addNameRange     '0.7.8',
29 silly addNameRange     '0.7.9',
29 silly addNameRange     '0.7.10',
29 silly addNameRange     '0.7.11',
29 silly addNameRange     '0.7.12',
29 silly addNameRange     '0.8.0',
29 silly addNameRange     '0.8.1',
29 silly addNameRange     '0.8.2',
29 silly addNameRange     '0.8.3',
29 silly addNameRange     '0.8.4',
29 silly addNameRange     '0.8.5',
29 silly addNameRange     '0.8.6',
29 silly addNameRange     '0.8.7',
29 silly addNameRange     '0.8.8',
29 silly addNameRange     '0.8.9',
29 silly addNameRange     '0.8.10',
29 silly addNameRange     '0.8.11',
29 silly addNameRange     '0.8.12',
29 silly addNameRange     '0.8.13',
29 silly addNameRange     '0.8.14',
29 silly addNameRange     '0.8.15',
29 silly addNameRange     '0.8.16',
29 silly addNameRange     '0.8.17',
29 silly addNameRange     '0.8.18',
29 silly addNameRange     '0.8.19',
29 silly addNameRange     '0.8.20',
29 silly addNameRange     '0.8.21',
29 silly addNameRange     '0.8.22',
29 silly addNameRange     '0.8.23',
29 silly addNameRange     '0.8.24',
29 silly addNameRange     '0.8.25',
29 silly addNameRange     '0.8.26',
29 silly addNameRange     '0.8.27',
29 silly addNameRange     '0.8.28',
29 silly addNameRange     '0.9.0',
29 silly addNameRange     '0.9.1',
29 silly addNameRange     '0.9.2',
29 silly addNameRange     '0.9.3',
29 silly addNameRange     '0.9.4',
29 silly addNameRange     '0.9.5',
29 silly addNameRange     '0.9.6',
29 silly addNameRange     '0.9.7',
29 silly addNameRange     '0.9.8',
29 silly addNameRange     '0.9.9',
29 silly addNameRange     '0.9.10',
29 silly addNameRange     '0.9.11',
29 silly addNameRange     '0.9.12',
29 silly addNameRange     '0.10.0',
29 silly addNameRange     '0.10.1',
29 silly addNameRange     '0.10.2',
29 silly addNameRange     '0.10.3',
29 silly addNameRange     '0.10.4',
29 silly addNameRange     '0.10.5',
29 silly addNameRange     '0.10.6',
29 silly addNameRange     '0.10.7',
29 silly addNameRange     '0.10.8',
29 silly addNameRange     '0.10.9',
29 silly addNameRange     '0.10.10',
29 silly addNameRange     '0.10.11',
29 silly addNameRange     '0.10.12',
29 silly addNameRange     '0.10.13',
29 silly addNameRange     '0.10.14',
29 silly addNameRange     '0.10.15',
29 silly addNameRange     '0.10.16',
29 silly addNameRange     '0.10.17',
29 silly addNameRange     '0.10.18',
29 silly addNameRange     '0.10.19',
29 silly addNameRange     '0.10.20',
29 silly addNameRange     '0.10.21',
29 silly addNameRange     '0.10.22',
29 silly addNameRange     '0.10.23',
29 silly addNameRange     '0.10.24',
29 silly addNameRange     '0.10.25',
29 silly addNameRange     '0.10.26',
29 silly addNameRange     '0.10.27',
29 silly addNameRange     '0.10.28',
29 silly addNameRange     '0.10.29',
29 silly addNameRange     '0.10.30',
29 silly addNameRange     '0.10.31',
29 silly addNameRange     '0.10.32',
29 silly addNameRange     '0.10.33',
29 silly addNameRange     '0.10.34',
29 silly addNameRange     '0.10.35',
29 silly addNameRange     '0.10.36',
29 silly addNameRange     '0.10.37',
29 silly addNameRange     '0.10.38',
29 silly addNameRange     '0.10.39',
29 silly addNameRange     '0.10.40',
29 silly addNameRange     '0.10.41',
29 silly addNameRange     '0.10.42',
29 silly addNameRange     '0.10.43',
29 silly addNameRange     '0.10.44',
29 silly addNameRange     '0.10.45',
29 silly addNameRange     '0.10.46',
29 silly addNameRange     '0.10.47',
29 silly addNameRange     '0.10.48',
29 silly addNameRange     '0.11.0',
29 silly addNameRange     '0.11.1',
29 silly addNameRange     '0.11.2',
29 silly addNameRange     '0.11.3',
29 silly addNameRange     '0.11.4',
29 silly addNameRange     '0.11.5',
29 silly addNameRange     '0.11.6',
29 silly addNameRange     '0.11.7',
29 silly addNameRange     '0.11.8',
29 silly addNameRange     '0.11.9',
29 silly addNameRange     '0.11.10',
29 silly addNameRange     '0.11.11',
29 silly addNameRange     '0.11.12',
29 silly addNameRange     '0.11.13',
29 silly addNameRange     '0.11.14',
29 silly addNameRange     '0.11.15',
29 silly addNameRange     '0.11.16',
29 silly addNameRange     '0.12.0',
29 silly addNameRange     '0.12.1',
29 silly addNameRange     '0.12.2',
29 silly addNameRange     '0.12.3',
29 silly addNameRange     '0.12.4',
29 silly addNameRange     '0.12.5',
29 silly addNameRange     '0.12.6',
29 silly addNameRange     '0.12.7',
29 silly addNameRange     '0.12.8',
29 silly addNameRange     '0.12.9',
29 silly addNameRange     '0.12.10',
29 silly addNameRange     '0.12.11',
29 silly addNameRange     '0.12.12',
29 silly addNameRange     '0.12.13',
29 silly addNameRange     '0.12.14',
29 silly addNameRange     '0.12.15',
29 silly addNameRange     '0.12.16',
29 silly addNameRange     '0.12.17',
29 silly addNameRange     '0.12.18',
29 silly addNameRange     '4.0.0',
29 silly addNameRange     '4.1.0',
29 silly addNameRange     '4.1.1',
29 silly addNameRange     '4.1.2',
29 silly addNameRange     '4.2.0',
29 silly addNameRange     '4.2.1',
29 silly addNameRange     '4.2.2',
29 silly addNameRange     '4.2.3',
29 silly addNameRange     '4.2.4',
29 silly addNameRange     '4.2.5',
29 silly addNameRange     '4.2.6',
29 silly addNameRange     '4.3.0',
29 silly addNameRange     '4.3.1',
29 silly addNameRange     '4.3.2',
29 silly addNameRange     '4.4.0',
29 silly addNameRange     '4.4.1',
29 silly addNameRange     '4.4.2',
29 silly addNameRange     '4.4.3',
29 silly addNameRange     '4.4.4',
29 silly addNameRange     '4.4.5',
29 silly addNameRange     '4.4.6',
29 silly addNameRange     '4.4.7',
29 silly addNameRange     '4.5.0',
29 silly addNameRange     '4.6.0',
29 silly addNameRange     '4.6.1',
29 silly addNameRange     '4.6.2',
29 silly addNameRange     '4.7.0',
29 silly addNameRange     '4.7.1',
29 silly addNameRange     '4.7.2',
29 silly addNameRange     '4.7.3',
29 silly addNameRange     '4.8.0',
29 silly addNameRange     '4.8.1',
29 silly addNameRange     '4.8.2',
29 silly addNameRange     '4.8.3',
29 silly addNameRange     '4.8.4',
29 silly addNameRange     '5.0.0',
29 silly addNameRange     '5.1.0',
29 silly addNameRange     '5.1.1',
29 silly addNameRange     '5.2.0',
29 silly addNameRange     '5.3.0',
29 silly addNameRange     '5.4.0',
29 silly addNameRange     '5.4.1',
29 silly addNameRange     '5.5.0',
29 silly addNameRange     '5.6.0',
29 silly addNameRange     '5.7.0',
29 silly addNameRange     '5.7.1',
29 silly addNameRange     '5.8.0',
29 silly addNameRange     '5.9.0',
29 silly addNameRange     '5.9.1',
29 silly addNameRange     '5.10.0',
29 silly addNameRange     '5.10.1',
29 silly addNameRange     '5.11.0',
29 silly addNameRange     '5.11.1',
29 silly addNameRange     '5.12.0',
29 silly addNameRange     '6.0.0',
29 silly addNameRange     '6.1.0',
29 silly addNameRange     '6.2.0',
29 silly addNameRange     '6.2.1',
29 silly addNameRange     '6.2.2',
29 silly addNameRange     '6.3.0',
29 silly addNameRange     '6.3.1',
29 silly addNameRange     '6.4.0',
29 silly addNameRange     '6.5.0',
29 silly addNameRange     '6.6.0',
29 silly addNameRange     '6.7.0',
29 silly addNameRange     '6.8.0',
29 silly addNameRange     '6.8.1',
29 silly addNameRange     '6.9.0',
29 silly addNameRange     '6.9.1',
29 silly addNameRange     '6.9.2',
29 silly addNameRange     '6.9.3',
29 silly addNameRange     '6.9.4',
29 silly addNameRange     '6.9.5',
29 silly addNameRange     '6.10.0',
29 silly addNameRange     '6.10.1',
29 silly addNameRange     '6.10.2',
29 silly addNameRange     '6.10.3',
29 silly addNameRange     '6.11.0',
29 silly addNameRange     '6.11.1',
29 silly addNameRange     '7.0.0',
29 silly addNameRange     '7.1.0',
29 silly addNameRange     '7.2.0',
29 silly addNameRange     '7.2.1',
29 silly addNameRange     '7.3.0',
29 silly addNameRange     '7.4.0',
29 silly addNameRange     '7.5.0',
29 silly addNameRange     '7.6.0',
29 silly addNameRange     '7.7.0',
29 silly addNameRange     '7.7.1',
29 silly addNameRange     '7.7.2',
29 silly addNameRange     '7.7.3',
29 silly addNameRange     '7.7.4',
29 silly addNameRange     '7.8.0',
29 silly addNameRange     '7.9.0',
29 silly addNameRange     '7.10.0',
29 silly addNameRange     '7.10.1',
29 silly addNameRange     '8.0.0',
29 silly addNameRange     '8.1.0',
29 silly addNameRange     '8.1.1',
29 silly addNameRange     '8.1.2',
29 silly addNameRange     '8.1.3',
29 silly addNameRange     '8.1.4',
29 silly addNameRange     '8.2.0',
29 silly addNameRange     '8.2.1',
29 silly addNameRange     '8.3.0',
29 silly addNameRange     '8.4.0',
29 silly addNameRange     '8.5.0',
29 silly addNameRange     '8.6.0',
29 silly addNameRange     '8.7.0',
29 silly addNameRange     '8.8.0',
29 silly addNameRange     '8.8.1',
29 silly addNameRange     '8.9.0',
29 silly addNameRange     '9.0.0',
29 silly addNameRange     '4.8.6',
29 silly addNameRange     '6.12.0',
29 silly addNameRange     '9.1.0',
29 silly addNameRange     '9.2.0',
29 silly addNameRange     '8.9.1',
29 silly addNameRange     '6.12.1',
29 silly addNameRange     '8.9.2',
29 silly addNameRange     '4.8.7',
29 silly addNameRange     '6.12.2',
29 silly addNameRange     '9.3.0',
29 silly addNameRange     '8.9.4',
29 silly addNameRange     '6.12.3',
29 silly addNameRange     '9.4.0',
29 silly addNameRange     '9.5.0',
29 silly addNameRange     '6.13.0',
29 silly addNameRange     '9.7.0',
29 silly addNameRange     '9.6.0',
29 silly addNameRange     '9.6.1',
29 silly addNameRange     '8.10.0',
29 silly addNameRange     '9.8.0',
29 silly addNameRange     '9.9.0',
29 silly addNameRange     '8.11.0',
29 silly addNameRange     '6.14.0',
29 silly addNameRange     '4.9.0',
29 silly addNameRange     '9.10.0',
29 silly addNameRange     '8.11.1',
29 silly addNameRange     '4.9.1',
29 silly addNameRange     '6.14.1',
29 silly addNameRange     '9.10.1',
29 silly addNameRange     '9.11.0' ] ]
30 verbose addNamed [ 'node', '9.11.0' ]
31 verbose addNamed [ '9.11.0', '9.11.0' ]
32 silly lockFile 77324e06-node-9-11-0 node@9.11.0
33 verbose lock node@9.11.0 /root/.npm/77324e06-node-9-11-0.lock
34 silly lockFile 2ba00ca5-y-npmjs-org-node-node-9-11-0-tgz https://registry.npmjs.org/node/-/node-9.11.0.tgz
35 verbose lock https://registry.npmjs.org/node/-/node-9.11.0.tgz /root/.npm/2ba00ca5-y-npmjs-org-node-node-9-11-0-tgz.lock
36 verbose addRemoteTarball [ 'https://registry.npmjs.org/node/-/node-9.11.0.tgz',
36 verbose addRemoteTarball   '84dfe1207e48469d56fe12af59dd6450a9fbd04f' ]
37 info retry fetch attempt 1 at 20:25:18
38 verbose fetch to= /tmp/npm-1109-JlIQEAuw/registry.npmjs.org/node/-/node-9.11.0.tgz
39 http GET https://registry.npmjs.org/node/-/node-9.11.0.tgz
40 http 200 https://registry.npmjs.org/node/-/node-9.11.0.tgz
41 silly lockFile 2ba00ca5-y-npmjs-org-node-node-9-11-0-tgz https://registry.npmjs.org/node/-/node-9.11.0.tgz
42 silly lockFile 2ba00ca5-y-npmjs-org-node-node-9-11-0-tgz https://registry.npmjs.org/node/-/node-9.11.0.tgz
43 silly lockFile 77324e06-node-9-11-0 node@9.11.0
44 silly lockFile 77324e06-node-9-11-0 node@9.11.0
45 silly lockFile bccd7aa1-node node@
46 silly lockFile bccd7aa1-node node@
47 silly resolved [ { name: 'node',
47 silly resolved     version: '9.11.0',
47 silly resolved     description: 'node',
47 silly resolved     main: 'index.js',
47 silly resolved     keywords: [ 'runtime' ],
47 silly resolved     repository:
47 silly resolved      { type: 'git',
47 silly resolved        url: 'git+https://github.com/aredridel/node-bin-gen.git' },
47 silly resolved     scripts: { preinstall: 'node installArchSpecificPackage' },
47 silly resolved     bin: { node: 'bin/node' },
47 silly resolved     dependencies: { 'node-bin-setup': '^1.0.0' },
47 silly resolved     license: 'ISC',
47 silly resolved     author: '',
47 silly resolved     engines: { npm: '>=5.0.0' },
47 silly resolved     bugs: { url: 'https://github.com/aredridel/node-bin-gen/issues' },
47 silly resolved     homepage: 'https://github.com/aredridel/node-bin-gen#readme',
47 silly resolved     _id: 'node@9.11.0',
47 silly resolved     _npmVersion: '5.9.0-next.0',
47 silly resolved     _nodeVersion: '8.9.4',
47 silly resolved     _npmUser: { name: 'aredridel', email: 'aredridel@dinhe.net' },
47 silly resolved     dist:
47 silly resolved      { integrity: 'sha512-a4HV43+rHSgYaoGVr5PfnpTmiDeL4AmFsXKzRhBbkDLeRjBoQYENHs7mNCHlQRb9VFKRqXD5FDmadQFPznkUuQ==',
47 silly resolved        shasum: '84dfe1207e48469d56fe12af59dd6450a9fbd04f',
47 silly resolved        tarball: 'https://registry.npmjs.org/node/-/node-9.11.0.tgz',
47 silly resolved        fileCount: 3,
47 silly resolved        unpackedSize: 1475 },
47 silly resolved     maintainers: [ [Object], [Object] ],
47 silly resolved     directories: {},
47 silly resolved     _npmOperationalInternal:
47 silly resolved      { host: 's3://npm-registry-packages',
47 silly resolved        tmp: 'tmp/node_9.11.0_1522900354402_0.1055058971315026' },
47 silly resolved     _shasum: '84dfe1207e48469d56fe12af59dd6450a9fbd04f',
47 silly resolved     _from: 'node@',
47 silly resolved     _resolved: 'https://registry.npmjs.org/node/-/node-9.11.0.tgz' } ]
48 info install node@9.11.0 into /home/pi/Midi-Organ/web/single
49 info installOne node@9.11.0
50 warn engine node@9.11.0: wanted: {"npm":">=5.0.0"} (current: {"node":"4.8.2","npm":"1.4.21"})
51 verbose node_modules/node unbuild
52 verbose tar unpack /root/.npm/node/9.11.0/package.tgz
53 silly lockFile 3a2d1481-gan-web-single-node-modules-node tar:///home/pi/Midi-Organ/web/single/node_modules/node
54 verbose lock tar:///home/pi/Midi-Organ/web/single/node_modules/node /root/.npm/3a2d1481-gan-web-single-node-modules-node.lock
55 silly lockFile ca0a942a-root-npm-node-9-11-0-package-tgz tar:///root/.npm/node/9.11.0/package.tgz
56 verbose lock tar:///root/.npm/node/9.11.0/package.tgz /root/.npm/ca0a942a-root-npm-node-9-11-0-package-tgz.lock
57 silly gunzTarPerm modes [ '755', '644' ]
58 silly gunzTarPerm extractEntry package.json
59 silly gunzTarPerm extractEntry installArchSpecificPackage.js
60 silly gunzTarPerm extractEntry README.md
61 silly lockFile 3a2d1481-gan-web-single-node-modules-node tar:///home/pi/Midi-Organ/web/single/node_modules/node
62 silly lockFile 3a2d1481-gan-web-single-node-modules-node tar:///home/pi/Midi-Organ/web/single/node_modules/node
63 silly lockFile ca0a942a-root-npm-node-9-11-0-package-tgz tar:///root/.npm/node/9.11.0/package.tgz
64 silly lockFile ca0a942a-root-npm-node-9-11-0-package-tgz tar:///root/.npm/node/9.11.0/package.tgz
65 info preinstall node@9.11.0
66 verbose unsafe-perm in lifecycle false
67 info node@9.11.0 Failed to exec preinstall script
68 verbose node_modules/node unbuild
69 warn This failure might be due to the use of legacy binary "node"
70 warn For further explanations, please read
/usr/share/doc/nodejs/README.Debian
71 info preuninstall node@9.11.0
72 info uninstall node@9.11.0
73 verbose true,/home/pi/Midi-Organ/web/single/node_modules,/home/pi/Midi-Organ/web/single/node_modules unbuild node@9.11.0
74 verbose /home/pi/Midi-Organ/web/single/node_modules/.bin,[object Object] binRoot
75 info postuninstall node@9.11.0
76 error node@9.11.0 preinstall: `node installArchSpecificPackage`
76 error Exit status 1
77 error Failed at the node@9.11.0 preinstall script.
77 error This is most likely a problem with the node package,
77 error not with npm itself.
77 error Tell the author that this fails on your system:
77 error     node installArchSpecificPackage
77 error You can get their info via:
77 error     npm owner ls node
77 error There is likely additional logging output above.
78 error System Linux 4.14.30-v7+
79 error command "/usr/bin/nodejs" "/usr/bin/npm" "install" "node"
80 error cwd /home/pi/Midi-Organ/web/single
81 error node -v v4.8.2
82 error npm -v 1.4.21
83 error code ELIFECYCLE
84 verbose exit [ 1, true ]
